#-----------------------------------------------------------
# Vivado v2020.1 (64-bit)
# SW Build 2902540 on Wed May 27 19:54:49 MDT 2020
# IP Build 2902112 on Wed May 27 22:43:36 MDT 2020
# Start of session at: Thu Sep 24 02:39:29 2020
# Process ID: 6196
# Current directory: D:/Weitere_Daten/VHDL/VHDL_Tutorial-master/9_5_ADPLL_Frequenzzaehler_UART
# Command line: vivado.exe -gui_launcher_event rodinguilauncherevent7504 D:\Weitere_Daten\VHDL\VHDL_Tutorial-master\9_5_ADPLL_Frequenzzaehler_UART\9_5_ADPLL_Frequenzzaehler_UART.xpr
# Log file: D:/Weitere_Daten/VHDL/VHDL_Tutorial-master/9_5_ADPLL_Frequenzzaehler_UART/vivado.log
# Journal file: D:/Weitere_Daten/VHDL/VHDL_Tutorial-master/9_5_ADPLL_Frequenzzaehler_UART\vivado.jou
#-----------------------------------------------------------
start_gui
open_project -read_only D:/Weitere_Daten/VHDL/VHDL_Tutorial-master/9_5_ADPLL_Frequenzzaehler_UART/9_5_ADPLL_Frequenzzaehler_UART.xpr
INFO: [Project 1-313] Project file moved from 'D:/Hochschul_Daten/FPGA/Github/9_5_ADPLL_Frequenzzaehler_UART' since last save.
Scanning sources...
Finished scanning sources
WARNING: [filemgmt 56-2] IPUserFilesDir: Could not find the directory 'D:/Weitere_Daten/VHDL/VHDL_Tutorial-master/9_5_ADPLL_Frequenzzaehler_UART/9_5_ADPLL_Frequenzzaehler_UART.ip_user_files', nor could it be found using path 'D:/Hochschul_Daten/FPGA/Github/9_5_ADPLL_Frequenzzaehler_UART/9_5_ADPLL_Frequenzzaehler_UART.ip_user_files'.
WARNING: [Project 1-229] Project '9_5_ADPLL_Frequenzzaehler_UART.xpr' is read-only and therefore could not be upgraded for this version of Vivado.  Use 'File | Save Project As...' if you wish to save an upgraded copy.
INFO: [IP_Flow 19-234] Refreshing IP repositories
INFO: [IP_Flow 19-1704] No user IP repositories specified
INFO: [IP_Flow 19-2313] Loaded Vivado IP repository 'D:/Extra_Programme/FPGA/Vivado/2020.1/data/ip'.
open_project: Time (s): cpu = 00:00:15 ; elapsed = 00:00:19 . Memory (MB): peak = 1027.660 ; gain = 0.000
update_compile_order -fileset sources_1
exit
INFO: [Common 17-206] Exiting Vivado at Thu Sep 24 03:50:11 2020...
